1701218973228:help
1701219082345:hello
1701219090091:hello --name diana
1701220976058:message
1701243042136:hello
1701243067863:message
1701243070750:loging
1701243074300:login
1701243077242:history
1701243111071:help
1701243120466:clear
1701243225323:help
1701243234415:add-doubles 1234
1701243246666:add-doubles 1 2 3 4 5
1701243283176:iterables
1701247211890:exit
1701247241879:message
1701247244293:exit
1701262547486:test
1701262549837:exit
1701262618242:test
1701262620234:exit
1701262859557:quit
1701262868210:test
1701262870763:quit
1701328094810:flow showcase2
1701328153773:flow conditional
1701328161647:help
1701328215124:flow condiitional
1701328223494:flow conditional
1701328647168:component string
1701400686503:login
1701400782530:flow conditional
1701400848503:component string
1701403370519:create-project
1701403396459:exi
1701403398434:exit
1701418871492:create-project
1701418876201:exit
